  CEffect.cpp
  CEnemies.cpp
  CGhost.cpp
  ChangeSceneObjects.cpp
e:\pd-game-uit\sourcecode\17520897-17520407\changesceneobjects.cpp(5): warning C4018: '<': signed/unsigned mismatch
  CHit.cpp
  CItems.cpp
e:\pd-game-uit\sourcecode\17520897-17520407\citems.cpp(37): warning C4018: '<': signed/unsigned mismatch
  CMap.cpp
  CSimonKeyHandler.cpp
  CStaticObject.cpp
  CTestEnemy.cpp
  CTile.cpp
e:\pd-game-uit\sourcecode\17520897-17520407\ctile.cpp(13): warning C4244: 'argument': conversion from 'int' to 'float', possible loss of data
  CTiles.cpp
e:\pd-game-uit\sourcecode\17520897-17520407\ctiles.cpp(48): warning C4244: 'initializing': conversion from 'float' to 'int', possible loss of data
e:\pd-game-uit\sourcecode\17520897-17520407\ctiles.cpp(49): warning C4244: 'initializing': conversion from 'float' to 'int', possible loss of data
  Danger.cpp
e:\pd-game-uit\sourcecode\17520897-17520407\danger.cpp(20): warning C4244: '+=': conversion from 'double' to 'float', possible loss of data
  CAnimation.cpp
e:\pd-game-uit\sourcecode\17520897-17520407\framework\canimation.cpp(23): warning C4244: 'argument': conversion from 'int' to 'float', possible loss of data
  CAnimationFame.cpp
  CAnimations.cpp
  CKeyEventHandler.cpp
  CSprites.cpp
  debug.cpp
  Game.cpp
e:\pd-game-uit\sourcecode\17520897-17520407\framework\game.cpp(59): warning C4244: 'argument': conversion from 'double' to 'FLOAT', possible loss of data
e:\pd-game-uit\sourcecode\17520897-17520407\framework\game.cpp(263): warning C4305: '=': truncation from '__int64' to 'float'
e:\pd-game-uit\sourcecode\17520897-17520407\framework\game.cpp(264): warning C4305: '=': truncation from '__int64' to 'float'
e:\pd-game-uit\sourcecode\17520897-17520407\framework\game.cpp(274): warning C4305: '=': truncation from '__int64' to 'float'
e:\pd-game-uit\sourcecode\17520897-17520407\framework\game.cpp(275): warning C4305: '=': truncation from '__int64' to 'float'
  Generating Code...
  Compiling...
  GameObject.cpp
  Sprites.cpp
  Textures.cpp
  GameConst.cpp
  Ground.cpp
  LargeCandle.cpp
  LargeHeart.cpp
e:\pd-game-uit\sourcecode\17520897-17520407\largeheart.cpp(7): warning C4305: '=': truncation from 'double' to 'float'
e:\pd-game-uit\sourcecode\17520897-17520407\largeheart.cpp(21): warning C4244: '+=': conversion from 'double' to 'float', possible loss of data
e:\pd-game-uit\sourcecode\17520897-17520407\largeheart.cpp(22): warning C4244: '+=': conversion from 'double' to 'float', possible loss of data
  main.cpp
  Brick.cpp
  Goomba.cpp
  Mario.cpp
  Scene.cpp
e:\pd-game-uit\sourcecode\17520897-17520407\scene.cpp(35): warning C4244: 'argument': conversion from 'float' to 'int', possible loss of data
e:\pd-game-uit\sourcecode\17520897-17520407\scene.cpp(83): warning C4018: '<': signed/unsigned mismatch
e:\pd-game-uit\sourcecode\17520897-17520407\scene.cpp(124): warning C4018: '<': signed/unsigned mismatch
e:\pd-game-uit\sourcecode\17520897-17520407\scene.cpp(143): warning C4018: '<': signed/unsigned mismatch
e:\pd-game-uit\sourcecode\17520897-17520407\scene.cpp(184): warning C4018: '<': signed/unsigned mismatch
e:\pd-game-uit\sourcecode\17520897-17520407\scene.cpp(194): warning C4018: '<': signed/unsigned mismatch
e:\pd-game-uit\sourcecode\17520897-17520407\scene.cpp(199): warning C4018: '<': signed/unsigned mismatch
e:\pd-game-uit\sourcecode\17520897-17520407\scene.cpp(220): warning C4244: 'argument': conversion from 'int' to 'float', possible loss of data
e:\pd-game-uit\sourcecode\17520897-17520407\scene.cpp(242): warning C4018: '<': signed/unsigned mismatch
e:\pd-game-uit\sourcecode\17520897-17520407\scene.cpp(251): warning C4018: '<': signed/unsigned mismatch
e:\pd-game-uit\sourcecode\17520897-17520407\scene.cpp(253): warning C4018: '<': signed/unsigned mismatch
e:\pd-game-uit\sourcecode\17520897-17520407\scene.cpp(258): warning C4018: '<': signed/unsigned mismatch
e:\pd-game-uit\sourcecode\17520897-17520407\scene.cpp(260): warning C4018: '<': signed/unsigned mismatch
e:\pd-game-uit\sourcecode\17520897-17520407\scene.cpp(262): warning C4018: '<': signed/unsigned mismatch
  Scenes.cpp
  Simon.cpp
e:\pd-game-uit\sourcecode\17520897-17520407\simon.cpp(89): warning C4305: '=': truncation from 'double' to 'float'
e:\pd-game-uit\sourcecode\17520897-17520407\simon.cpp(97): warning C4305: '=': truncation from 'double' to 'float'
  SmallHeart.cpp
e:\pd-game-uit\sourcecode\17520897-17520407\smallheart.cpp(7): warning C4305: '=': truncation from 'double' to 'float'
e:\pd-game-uit\sourcecode\17520897-17520407\smallheart.cpp(21): warning C4244: '+=': conversion from 'double' to 'float', possible loss of data
e:\pd-game-uit\sourcecode\17520897-17520407\smallheart.cpp(22): warning C4244: '+=': conversion from 'double' to 'float', possible loss of data
  tinystr.cpp
  tinyxml.cpp
  tinyxmlerror.cpp
  tinyxmlparser.cpp
  Weapon.cpp
e:\pd-game-uit\sourcecode\17520897-17520407\weapon.cpp(27): warning C4018: '<': signed/unsigned mismatch
  Generating Code...
  Compiling...
  WeaponDanger.cpp
e:\pd-game-uit\sourcecode\17520897-17520407\weapondanger.cpp(71): warning C4018: '<': signed/unsigned mismatch
  Whip.cpp
e:\pd-game-uit\sourcecode\17520897-17520407\whip.cpp(66): warning C4244: 'argument': conversion from 'float' to 'int', possible loss of data
  WhipUpgrade.cpp
e:\pd-game-uit\sourcecode\17520897-17520407\whipupgrade.cpp(21): warning C4244: '+=': conversion from 'double' to 'float', possible loss of data
  Generating Code...
  17520897-17520407.vcxproj -> E:\PD-Game-UIT\SourceCode\Debug\17520897-17520407.exe
